#
# A fatal error has been detected by the Java Runtime Environment:
#
#  EXCEPTION_ACCESS_VIOLATION (0xc0000005) at pc=0x00000000036b38dc, pid=6424, tid=4212
#
# JRE version: Java(TM) SE Runtime Environment (8.0_31-b13) (build 1.8.0_31-b13)
# Java VM: Java HotSpot(TM) 64-Bit Server VM (25.31-b07 mixed mode windows-amd64 compressed oops)
# Problematic frame:
# J 2584 C1 org.springframework.asm.Type.getArgumentsAndReturnSizes(Ljava/lang/String;)I (151 bytes) @ 0x00000000036b38dc [0x00000000036b3840+0x9c]
#
# Failed to write core dump. Minidumps are not enabled by default on client versions of Windows
#
# If you would like to submit a bug report, please visit:
#   http://bugreport.java.com/bugreport/crash.jsp
#

---------------  T H R E A D  ---------------

Current thread (0x000000001c6e8800):  JavaThread "restartedMain" [_thread_in_Java, id=4212, stack(0x00000000197b0000,0x00000000198b0000)]

siginfo: ExceptionCode=0xc0000005, reading address 0xffffffffffffffff

Registers:
RAX=0x00000000f6b6c6a0, RBX=0x000000000000003b, RCX=0x0000000000000022, RDX=0x00000000f6b6c688
RSP=0x00000000198ad020, RBP=0x00000000198ad380, RSI=0x0000000000000023, RDI=0x0000000000000002
R8 =0x0000000000000025, R9 =0x00000000f6b6c6a0, R10=0x00000000f6bd5498, R11=0x00000000a29b9e80
R12=0x0000000000000000, R13=0x00000000f6b6c688, R14=0x0000000000000000, R15=0x000000001c6e8800
RIP=0x00000000036b38dc, EFLAGS=0x0000000000010246

Top of Stack: (sp=0x00000000198ad020)
0x00000000198ad020:   0000000000000000 0000000000000000
0x00000000198ad030:   00000000198ad380 000000000323e1db
0x00000000198ad040:   000000001c6e8800 00000000f6bd53e0
0x00000000198ad050:   000000001c4a9838 00000000f6b66210
0x00000000198ad060:   00000000edfafa18 00000000a29b9e80
0x00000000198ad070:   00000000f6b6c688 00000000f6b6c688
0x00000000198ad080:   000000000000015d 00000000f6bd5498
0x00000000198ad090:   000000001c6e8800 0000000000000000
0x00000000198ad0a0:   00000000198ad380 00000000036d10d4
0x00000000198ad0b0:   00000000198ad130 0000000069a43b29
0x00000000198ad0c0:   000000001c6e89e8 000000001c6e8800
0x00000000198ad0d0:   000000001c6e8800 000000001c6e89e8
0x00000000198ad0e0:   00000000f6bd3df0 00000000000000b9
0x00000000198ad0f0:   00000000f6b6c688 00000000f6bd5498
0x00000000198ad100:   0000000000000000 000000000329c3f1
0x00000000198ad110:   00000000198ad380 000000000346fa5c 

Instructions: (pc=0x00000000036b38dc)
0x00000000036b38bc:   3b 0f 84 19 00 00 00 85 05 37 c8 aa fd 48 8b de
0x00000000036b38cc:   48 8b f3 ff c6 83 fb 00 0f 8c 7c 01 00 00 eb c4
0x00000000036b38dc:   ff c7 e9 91 00 00 00 83 fe 5b 0f 85 66 00 00 00
0x00000000036b38ec:   e9 32 00 00 00 0f 1f 80 00 00 00 00 41 3b d8 0f 


Register to memory mapping:

RAX=0x00000000f6b6c6a0 is an oop
[C 
 - klass: {type array char}
 - length: 37
RBX=0x000000000000003b is an unknown value
RCX=0x0000000000000022 is an unknown value
RDX=0x00000000f6b6c688 is an oop
java.lang.String 
 - klass: 'java/lang/String'
RSP=0x00000000198ad020 is pointing into the stack for thread: 0x000000001c6e8800
RBP=0x00000000198ad380 is pointing into the stack for thread: 0x000000001c6e8800
RSI=0x0000000000000023 is an unknown value
RDI=0x0000000000000002 is an unknown value
R8 =0x0000000000000025 is an unknown value
R9 =0x00000000f6b6c6a0 is an oop
[C 
 - klass: {type array char}
 - length: 37
R10=0x00000000f6bd5498 is an oop
org.springframework.asm.Item 
 - klass: 'org/springframework/asm/Item'
R11=0x00000000a29b9e80 is an oop
java.lang.String 
 - klass: 'java/lang/String'
R12=0x0000000000000000 is an unknown value
R13=0x00000000f6b6c688 is an oop
java.lang.String 
 - klass: 'java/lang/String'
R14=0x0000000000000000 is an unknown value
R15=0x000000001c6e8800 is a thread


Stack: [0x00000000197b0000,0x00000000198b0000],  sp=0x00000000198ad020,  free space=1012k
Native frames: (J=compiled Java code, j=interpreted, Vv=VM code, C=native code)
C  0x00000000036b38dc


---------------  P R O C E S S  ---------------

Java Threads: ( => current thread )
  0x000000001c9ac000 JavaThread "RenrenScheduler_QuartzSchedulerThread" [_thread_blocked, id=6028, stack(0x0000000020050000,0x0000000020150000)]
  0x000000001c9a8800 JavaThread "RenrenScheduler_Worker-20" [_thread_blocked, id=1428, stack(0x000000001ff50000,0x0000000020050000)]
  0x000000001c9ab800 JavaThread "RenrenScheduler_Worker-19" [_thread_blocked, id=4124, stack(0x000000001fe50000,0x000000001ff50000)]
  0x000000001c9aa000 JavaThread "RenrenScheduler_Worker-18" [_thread_blocked, id=4644, stack(0x000000001f750000,0x000000001f850000)]
  0x000000001c9a4800 JavaThread "RenrenScheduler_Worker-17" [_thread_blocked, id=5472, stack(0x000000001f650000,0x000000001f750000)]
  0x000000001c9a6000 JavaThread "RenrenScheduler_Worker-16" [_thread_blocked, id=5212, stack(0x000000001f550000,0x000000001f650000)]
  0x000000001c9a7800 JavaThread "RenrenScheduler_Worker-15" [_thread_blocked, id=5788, stack(0x000000001f450000,0x000000001f550000)]
  0x000000001c9a7000 JavaThread "RenrenScheduler_Worker-14" [_thread_blocked, id=4936, stack(0x000000001f350000,0x000000001f450000)]
  0x000000001c9a2800 JavaThread "RenrenScheduler_Worker-13" [_thread_blocked, id=1000, stack(0x000000001f250000,0x000000001f350000)]
  0x000000001c9a4000 JavaThread "RenrenScheduler_Worker-12" [_thread_blocked, id=6080, stack(0x000000001f150000,0x000000001f250000)]
  0x000000001c6f6000 JavaThread "RenrenScheduler_Worker-11" [_thread_blocked, id=5884, stack(0x000000001f050000,0x000000001f150000)]
  0x000000001c6f5000 JavaThread "RenrenScheduler_Worker-10" [_thread_blocked, id=2276, stack(0x000000001ef50000,0x000000001f050000)]
  0x000000001c6f4800 JavaThread "RenrenScheduler_Worker-9" [_thread_blocked, id=5920, stack(0x000000001ee50000,0x000000001ef50000)]
  0x000000001c6f0800 JavaThread "RenrenScheduler_Worker-8" [_thread_blocked, id=5760, stack(0x000000001ed50000,0x000000001ee50000)]
  0x000000001c6f3800 JavaThread "RenrenScheduler_Worker-7" [_thread_blocked, id=4636, stack(0x000000001ec50000,0x000000001ed50000)]
  0x000000001c6f0000 JavaThread "RenrenScheduler_Worker-6" [_thread_blocked, id=4996, stack(0x000000001eb50000,0x000000001ec50000)]
  0x000000001c6f3000 JavaThread "RenrenScheduler_Worker-5" [_thread_blocked, id=3660, stack(0x000000001ea50000,0x000000001eb50000)]
  0x000000001c6f2000 JavaThread "RenrenScheduler_Worker-4" [_thread_blocked, id=5584, stack(0x000000001e950000,0x000000001ea50000)]
  0x000000001c6f1800 JavaThread "RenrenScheduler_Worker-3" [_thread_blocked, id=5536, stack(0x000000001e850000,0x000000001e950000)]
  0x000000001c6ec000 JavaThread "RenrenScheduler_Worker-2" [_thread_blocked, id=3224, stack(0x000000001e750000,0x000000001e850000)]
  0x000000001c6ee800 JavaThread "RenrenScheduler_Worker-1" [_thread_blocked, id=4152, stack(0x000000001e550000,0x000000001e650000)]
  0x000000001c6ef000 JavaThread "commons-pool-EvictionTimer" daemon [_thread_blocked, id=5784, stack(0x000000001e650000,0x000000001e750000)]
  0x000000001c6ed000 JavaThread "Druid-ConnectionPool-Destroy-1756808413" daemon [_thread_blocked, id=4772, stack(0x000000001e450000,0x000000001e550000)]
  0x000000001c6eb800 JavaThread "Druid-ConnectionPool-Create-1756808413" daemon [_thread_blocked, id=3496, stack(0x000000001e150000,0x000000001e250000)]
  0x000000001c6e7800 JavaThread "container-0" [_thread_blocked, id=6936, stack(0x000000001df50000,0x000000001e050000)]
  0x000000001c6ea800 JavaThread "ContainerBackgroundProcessor[StandardEngine[Tomcat]]" daemon [_thread_blocked, id=6676, stack(0x000000001da50000,0x000000001db50000)]
  0x000000001c6e7000 JavaThread "localhost-startStop-1" daemon [_thread_blocked, id=1068, stack(0x000000001d950000,0x000000001da50000)]
  0x000000001c6ea000 JavaThread "Tomcat-startStop-1" daemon [_thread_blocked, id=5304, stack(0x0000000019cb0000,0x0000000019db0000)]
=>0x000000001c6e8800 JavaThread "restartedMain" [_thread_in_Java, id=4212, stack(0x00000000197b0000,0x00000000198b0000)]
  0x000000001c9a9000 JavaThread "Thread-8" [_thread_blocked, id=5712, stack(0x00000000196b0000,0x00000000197b0000)]
  0x000000001c9a5800 JavaThread "DestroyJavaVM" [_thread_blocked, id=4148, stack(0x0000000002e80000,0x0000000002f80000)]
  0x000000001c6ed800 JavaThread "Live Reload Server" daemon [_thread_in_native, id=5296, stack(0x000000001b180000,0x000000001b280000)]
  0x000000001a904800 JavaThread "Abandoned connection cleanup thread" daemon [_thread_blocked, id=4208, stack(0x000000001d650000,0x000000001d750000)]
  0x0000000018a66000 JavaThread "RMI TCP Accept-0" daemon [_thread_in_native, id=6940, stack(0x0000000019140000,0x0000000019240000)]
  0x0000000018a53000 JavaThread "RMI TCP Accept-56133" daemon [_thread_in_native, id=6408, stack(0x0000000019040000,0x0000000019140000)]
  0x0000000018a4a000 JavaThread "RMI TCP Accept-0" daemon [_thread_in_native, id=6404, stack(0x0000000018f40000,0x0000000019040000)]
  0x0000000017dbe800 JavaThread "Service Thread" daemon [_thread_blocked, id=5908, stack(0x0000000018640000,0x0000000018740000)]
  0x0000000016a06000 JavaThread "C1 CompilerThread2" daemon [_thread_blocked, id=6320, stack(0x0000000018540000,0x0000000018640000)]
  0x0000000016a04800 JavaThread "C2 CompilerThread1" daemon [_thread_blocked, id=6400, stack(0x0000000018440000,0x0000000018540000)]
  0x0000000017d82800 JavaThread "C2 CompilerThread0" daemon [_thread_blocked, id=5408, stack(0x0000000018340000,0x0000000018440000)]
  0x00000000169ff800 JavaThread "Attach Listener" daemon [_thread_blocked, id=6332, stack(0x0000000018240000,0x0000000018340000)]
  0x00000000169f5800 JavaThread "Signal Dispatcher" daemon [_thread_blocked, id=6328, stack(0x0000000018140000,0x0000000018240000)]
  0x00000000169a8000 JavaThread "Finalizer" daemon [_thread_blocked, id=6324, stack(0x0000000017c40000,0x0000000017d40000)]
  0x0000000003122800 JavaThread "Reference Handler" daemon [_thread_blocked, id=6336, stack(0x0000000017b40000,0x0000000017c40000)]

Other Threads:
  0x00000000169a6000 VMThread [stack: 0x0000000017a40000,0x0000000017b40000] [id=6340]
  0x0000000018a67800 WatcherThread [stack: 0x0000000019240000,0x0000000019340000] [id=7112]

VM state:not at safepoint (normal execution)

VM Mutex/Monitor currently owned by a thread: None

Heap:
 PSYoungGen      total 486400K, used 384351K [0x00000000e0780000, 0x0000000100000000, 0x0000000100000000)
  eden space 456704K, 80% used [0x00000000e0780000,0x00000000f6cf4be8,0x00000000fc580000)
  from space 29696K, 61% used [0x00000000fc580000,0x00000000fd763250,0x00000000fe280000)
  to   space 30208K, 0% used [0x00000000fe280000,0x00000000fe280000,0x0000000100000000)
 ParOldGen       total 78336K, used 33862K [0x00000000a1600000, 0x00000000a6280000, 0x00000000e0780000)
  object space 78336K, 43% used [0x00000000a1600000,0x00000000a3711b08,0x00000000a6280000)
 Metaspace       used 56357K, capacity 57460K, committed 57560K, reserved 1099776K
  class space    used 7163K, capacity 7373K, committed 7424K, reserved 1048576K

Card table byte_map: [0x00000000124f0000,0x00000000127f0000] byte_map_base: 0x0000000011fe5000

Marking Bits: (ParMarkBitMap*) 0x000000006a0ad4f0
 Begin Bits: [0x0000000012df0000, 0x0000000014598000)
 End Bits:   [0x0000000014598000, 0x0000000015d40000)

Polling page: 0x0000000001160000

CodeCache: size=245760Kb used=14030Kb max_used=14030Kb free=231729Kb
 bounds [0x0000000003130000, 0x0000000003ef0000, 0x0000000012130000]
 total_blobs=7333 nmethods=6760 adapters=484
 compilation: enabled

Compilation events (10 events):
Event: 382.367 Thread 0x0000000016a06000 6889   !   1       org.aspectj.apache.bcel.classfile.annotation.RuntimeAnnos::inflate (99 bytes)
Event: 382.368 Thread 0x0000000016a06000 nmethod 6889 0x0000000003ee2e10 code [0x0000000003ee2fe0, 0x0000000003ee3728]
Event: 382.373 Thread 0x0000000016a06000 6890   !   1       com.sun.proxy.$Proxy140::annotationType (29 bytes)
Event: 382.373 Thread 0x0000000016a06000 nmethod 6890 0x0000000003ee3d50 code [0x0000000003ee3ec0, 0x0000000003ee40d8]
Event: 382.455 Thread 0x0000000016a06000 6891   !   1       org.springframework.beans.factory.support.AbstractAutowireCapableBeanFactory::instantiateBean (82 bytes)
Event: 382.456 Thread 0x0000000016a06000 nmethod 6891 0x0000000003ee4210 code [0x0000000003ee4400, 0x0000000003ee4a18]
Event: 382.456 Thread 0x0000000016a06000 6892   !   1       org.springframework.beans.factory.support.SimpleInstantiationStrategy::instantiate (153 bytes)
Event: 382.456 Thread 0x0000000016a06000 nmethod 6892 0x0000000003ee5090 code [0x0000000003ee52c0, 0x0000000003ee5a78]
Event: 382.470 Thread 0x0000000016a06000 6893       1       org.springframework.cglib.proxy.CallbackInfo::determineTypes (32 bytes)
Event: 382.471 Thread 0x0000000016a06000 nmethod 6893 0x0000000003ee6350 code [0x0000000003ee64c0, 0x0000000003ee6748]

GC Heap History (10 events):
Event: 23.096 GC heap before
{Heap before GC invocations=18 (full 2):
 PSYoungGen      total 403456K, used 399720K [0x00000000e0780000, 0x0000000100000000, 0x0000000100000000)
  eden space 379392K, 100% used [0x00000000e0780000,0x00000000f7a00000,0x00000000f7a00000)
  from space 24064K, 84% used [0x00000000f7a00000,0x00000000f8dda128,0x00000000f9180000)
  to   space 26624K, 0% used [0x00000000fe600000,0x00000000fe600000,0x0000000100000000)
 ParOldGen       total 78336K, used 37305K [0x00000000a1600000, 0x00000000a6280000, 0x00000000e0780000)
  object space 78336K, 47% used [0x00000000a1600000,0x00000000a3a6e470,0x00000000a6280000)
 Metaspace       used 53646K, capacity 54500K, committed 54616K, reserved 1097728K
  class space    used 6865K, capacity 7028K, committed 7040K, reserved 1048576K
Event: 23.123 GC heap after
Heap after GC invocations=18 (full 2):
 PSYoungGen      total 481792K, used 26623K [0x00000000e0780000, 0x0000000100000000, 0x0000000100000000)
  eden space 455168K, 0% used [0x00000000e0780000,0x00000000e0780000,0x00000000fc400000)
  from space 26624K, 99% used [0x00000000fe600000,0x00000000fffffcf8,0x0000000100000000)
  to   space 30720K, 0% used [0x00000000fc400000,0x00000000fc400000,0x00000000fe200000)
 ParOldGen       total 78336K, used 37385K [0x00000000a1600000, 0x00000000a6280000, 0x00000000e0780000)
  object space 78336K, 47% used [0x00000000a1600000,0x00000000a3a82470,0x00000000a6280000)
 Metaspace       used 53646K, capacity 54500K, committed 54616K, reserved 1097728K
  class space    used 6865K, capacity 7028K, committed 7040K, reserved 1048576K
}
Event: 281.163 GC heap before
{Heap before GC invocations=19 (full 2):
 PSYoungGen      total 481792K, used 481791K [0x00000000e0780000, 0x0000000100000000, 0x0000000100000000)
  eden space 455168K, 100% used [0x00000000e0780000,0x00000000fc400000,0x00000000fc400000)
  from space 26624K, 99% used [0x00000000fe600000,0x00000000fffffcf8,0x0000000100000000)
  to   space 30720K, 0% used [0x00000000fc400000,0x00000000fc400000,0x00000000fe200000)
 ParOldGen       total 78336K, used 37385K [0x00000000a1600000, 0x00000000a6280000, 0x00000000e0780000)
  object space 78336K, 47% used [0x00000000a1600000,0x00000000a3a82470,0x00000000a6280000)
 Metaspace       used 54905K, capacity 55836K, committed 56152K, reserved 1097728K
  class space    used 7013K, capacity 7204K, committed 7296K, reserved 1048576K
Event: 281.177 GC heap after
Heap after GC invocations=19 (full 2):
 PSYoungGen      total 485888K, used 5810K [0x00000000e0780000, 0x0000000100000000, 0x0000000100000000)
  eden space 455168K, 0% used [0x00000000e0780000,0x00000000e0780000,0x00000000fc400000)
  from space 30720K, 18% used [0x00000000fc400000,0x00000000fc9acaa8,0x00000000fe200000)
  to   space 30208K, 0% used [0x00000000fe280000,0x00000000fe280000,0x0000000100000000)
 ParOldGen       total 78336K, used 44084K [0x00000000a1600000, 0x00000000a6280000, 0x00000000e0780000)
  object space 78336K, 56% used [0x00000000a1600000,0x00000000a410d360,0x00000000a6280000)
 Metaspace       used 54905K, capacity 55836K, committed 56152K, reserved 1097728K
  class space    used 7013K, capacity 7204K, committed 7296K, reserved 1048576K
}
Event: 372.443 GC heap before
{Heap before GC invocations=20 (full 2):
 PSYoungGen      total 485888K, used 263319K [0x00000000e0780000, 0x0000000100000000, 0x0000000100000000)
  eden space 455168K, 56% used [0x00000000e0780000,0x00000000f02f91a8,0x00000000fc400000)
  from space 30720K, 18% used [0x00000000fc400000,0x00000000fc9acaa8,0x00000000fe200000)
  to   space 30208K, 0% used [0x00000000fe280000,0x00000000fe280000,0x0000000100000000)
 ParOldGen       total 78336K, used 44084K [0x00000000a1600000, 0x00000000a6280000, 0x00000000e0780000)
  object space 78336K, 56% used [0x00000000a1600000,0x00000000a410d360,0x00000000a6280000)
 Metaspace       used 54965K, capacity 55912K, committed 56152K, reserved 1097728K
  class space    used 7023K, capacity 7207K, committed 7296K, reserved 1048576K
Event: 372.452 GC heap after
Heap after GC invocations=20 (full 2):
 PSYoungGen      total 486912K, used 4448K [0x00000000e0780000, 0x0000000100000000, 0x0000000100000000)
  eden space 456704K, 0% used [0x00000000e0780000,0x00000000e0780000,0x00000000fc580000)
  from space 30208K, 14% used [0x00000000fe280000,0x00000000fe6d8000,0x0000000100000000)
  to   space 29696K, 0% used [0x00000000fc580000,0x00000000fc580000,0x00000000fe280000)
 ParOldGen       total 78336K, used 44092K [0x00000000a1600000, 0x00000000a6280000, 0x00000000e0780000)
  object space 78336K, 56% used [0x00000000a1600000,0x00000000a410f360,0x00000000a6280000)
 Metaspace       used 54965K, capacity 55912K, committed 56152K, reserved 1097728K
  class space    used 7023K, capacity 7207K, committed 7296K, reserved 1048576K
}
Event: 372.452 GC heap before
{Heap before GC invocations=21 (full 3):
 PSYoungGen      total 486912K, used 4448K [0x00000000e0780000, 0x0000000100000000, 0x0000000100000000)
  eden space 456704K, 0% used [0x00000000e0780000,0x00000000e0780000,0x00000000fc580000)
  from space 30208K, 14% used [0x00000000fe280000,0x00000000fe6d8000,0x0000000100000000)
  to   space 29696K, 0% used [0x00000000fc580000,0x00000000fc580000,0x00000000fe280000)
 ParOldGen       total 78336K, used 44092K [0x00000000a1600000, 0x00000000a6280000, 0x00000000e0780000)
  object space 78336K, 56% used [0x00000000a1600000,0x00000000a410f360,0x00000000a6280000)
 Metaspace       used 54965K, capacity 55912K, committed 56152K, reserved 1097728K
  class space    used 7023K, capacity 7207K, committed 7296K, reserved 1048576K
Event: 372.713 GC heap after
Heap after GC invocations=21 (full 3):
 PSYoungGen      total 486912K, used 0K [0x00000000e0780000, 0x0000000100000000, 0x0000000100000000)
  eden space 456704K, 0% used [0x00000000e0780000,0x00000000e0780000,0x00000000fc580000)
  from space 30208K, 0% used [0x00000000fe280000,0x00000000fe280000,0x0000000100000000)
  to   space 29696K, 0% used [0x00000000fc580000,0x00000000fc580000,0x00000000fe280000)
 ParOldGen       total 78336K, used 33854K [0x00000000a1600000, 0x00000000a6280000, 0x00000000e0780000)
  object space 78336K, 43% used [0x00000000a1600000,0x00000000a370fb08,0x00000000a6280000)
 Metaspace       used 54834K, capacity 55702K, committed 56152K, reserved 1097728K
  class space    used 7003K, capacity 7172K, committed 7296K, reserved 1048576K
}
Event: 374.930 GC heap before
{Heap before GC invocations=22 (full 3):
 PSYoungGen      total 486912K, used 456704K [0x00000000e0780000, 0x0000000100000000, 0x0000000100000000)
  eden space 456704K, 100% used [0x00000000e0780000,0x00000000fc580000,0x00000000fc580000)
  from space 30208K, 0% used [0x00000000fe280000,0x00000000fe280000,0x0000000100000000)
  to   space 29696K, 0% used [0x00000000fc580000,0x00000000fc580000,0x00000000fe280000)
 ParOldGen       total 78336K, used 33854K [0x00000000a1600000, 0x00000000a6280000, 0x00000000e0780000)
  object space 78336K, 43% used [0x00000000a1600000,0x00000000a370fb08,0x00000000a6280000)
 Metaspace       used 55441K, capacity 56456K, committed 56792K, reserved 1099776K
  class space    used 7100K, capacity 7307K, committed 7424K, reserved 1048576K
Event: 374.949 GC heap after
Heap after GC invocations=22 (full 3):
 PSYoungGen      total 486400K, used 18316K [0x00000000e0780000, 0x0000000100000000, 0x0000000100000000)
  eden space 456704K, 0% used [0x00000000e0780000,0x00000000e0780000,0x00000000fc580000)
  from space 29696K, 61% used [0x00000000fc580000,0x00000000fd763250,0x00000000fe280000)
  to   space 30208K, 0% used [0x00000000fe280000,0x00000000fe280000,0x0000000100000000)
 ParOldGen       total 78336K, used 33862K [0x00000000a1600000, 0x00000000a6280000, 0x00000000e0780000)
  object space 78336K, 43% used [0x00000000a1600000,0x00000000a3711b08,0x00000000a6280000)
 Metaspace       used 55441K, capacity 56456K, committed 56792K, reserved 1099776K
  class space    used 7100K, capacity 7307K, committed 7424K, reserved 1048576K
}

Deoptimization events (0 events):
No events

Internal exceptions (10 events):
Event: 382.491 Thread 0x000000001c6e8800 Exception <a 'java/security/PrivilegedActionException'> (0x00000000f68f3678) thrown at [C:\workspace\8-2-build-windows-amd64-cygwin\jdk8u31\2394\hotspot\src\share\vm\prims\jvm.cpp, line 1312]
Event: 382.491 Thread 0x000000001c6e8800 Exception <a 'java/lang/ClassNotFoundException': com/winhands/modules/sys/controller/SysConfigControllerBeanInfo> (0x00000000f68f3a68) thrown at [C:\workspace\8-2-build-windows-amd64-cygwin\jdk8u31\2394\hotspot\src\share\vm\classfile\systemDictionary.cpp, faª⁄Áw@
Event: 382.491 Thread 0x000000001c6e8800 Exception <a 'java/security/PrivilegedActionException'> (0x00000000f68f55a0) thrown at [C:\workspace\8-2-build-windows-amd64-cygwin\jdk8u31\2394\hotspot\src\share\vm\prims\jvm.cpp, line 1312]
Event: 382.491 Thread 0x000000001c6e8800 Exception <a 'java/security/PrivilegedActionException'> (0x00000000f68f5f30) thrown at [C:\workspace\8-2-build-windows-amd64-cygwin\jdk8u31\2394\hotspot\src\share\vm\prims\jvm.cpp, line 1312]
Event: 382.491 Thread 0x000000001c6e8800 Exception <a 'java/security/PrivilegedActionException'> (0x00000000f6904350) thrown at [C:\workspace\8-2-build-windows-amd64-cygwin\jdk8u31\2394\hotspot\src\share\vm\prims\jvm.cpp, line 1312]
Event: 382.491 Thread 0x000000001c6e8800 Exception <a 'java/security/PrivilegedActionException'> (0x00000000f6905b10) thrown at [C:\workspace\8-2-build-windows-amd64-cygwin\jdk8u31\2394\hotspot\src\share\vm\prims\jvm.cpp, line 1312]
Event: 382.491 Thread 0x000000001c6e8800 Exception <a 'java/security/PrivilegedActionException'> (0x00000000f69064a0) thrown at [C:\workspace\8-2-build-windows-amd64-cygwin\jdk8u31\2394\hotspot\src\share\vm\prims\jvm.cpp, line 1312]
Event: 382.491 Thread 0x000000001c6e8800 Exception <a 'java/security/PrivilegedActionException'> (0x00000000f69148c0) thrown at [C:\workspace\8-2-build-windows-amd64-cygwin\jdk8u31\2394\hotspot\src\share\vm\prims\jvm.cpp, line 1312]
Event: 382.491 Thread 0x000000001c6e8800 Exception <a 'java/lang/ClassNotFoundException': com/winhands/modules/sys/controller/SysConfigControllerCustomizer> (0x00000000f6914cb8) thrown at [C:\workspace\8-2-build-windows-amd64-cygwin\jdk8u31\2394\hotspot\src\share\vm\classfile\systemDictionary.cppSeè»€Áw@
Event: 382.491 Thread 0x000000001c6e8800 Exception <a 'java/lang/ArrayIndexOutOfBoundsException'> (0x00000000f6917cb8) thrown at [C:\workspace\8-2-build-windows-amd64-cygwin\jdk8u31\2394\hotspot\src\share\vm\runtime\sharedRuntime.cpp, line 604]

Events (10 events):
Event: 382.491 loading class com/winhands/modules/sys/controller/SysConfigControllerBeanInfo
Event: 382.491 loading class com/winhands/modules/sys/controller/SysConfigControllerBeanInfo done
Event: 382.491 loading class com/winhands/modules/sys/controller/SysConfigControllerBeanInfo
Event: 382.491 loading class com/winhands/modules/sys/controller/SysConfigControllerBeanInfo done
Event: 382.491 loading class com/winhands/modules/sys/controller/SysConfigControllerCustomizer
Event: 382.491 loading class com/winhands/modules/sys/controller/SysConfigControllerCustomizer done
Event: 382.491 loading class com/winhands/modules/sys/controller/SysConfigControllerCustomizer
Event: 382.491 loading class com/winhands/modules/sys/controller/SysConfigControllerCustomizer done
Event: 382.491 loading class com/winhands/modules/sys/controller/SysConfigControllerCustomizer
Event: 382.491 loading class com/winhands/modules/sys/controller/SysConfigControllerCustomizer done


Dynamic libraries:
0x00007ff69a360000 - 0x00007ff69a394000 	C:\jdk\jdk1.8\jdk1.8.0_31\bin\javaw.exe
0x00007ffcea830000 - 0x00007ffcea9dd000 	C:\Windows\SYSTEM32\ntdll.dll
0x00007ffce9ca0000 - 0x00007ffce9dde000 	C:\Windows\system32\KERNEL32.DLL
0x00007ffce7a80000 - 0x00007ffce7b95000 	C:\Windows\system32\KERNELBASE.dll
0x00007ffce64f0000 - 0x00007ffce657e000 	C:\Windows\system32\apphelp.dll
0x00007ffcd10f0000 - 0x00007ffcd1143000 	C:\Windows\AppPatch\AppPatch64\AcGenral.DLL
0x00007ffcea600000 - 0x00007ffcea6aa000 	C:\Windows\system32\msvcrt.dll
0x00007ffce7ba0000 - 0x00007ffce7bce000 	C:\Windows\system32\SspiCli.dll
0x00007ffce9bd0000 - 0x00007ffce9c24000 	C:\Windows\system32\SHLWAPI.dll
0x00007ffcea6b0000 - 0x00007ffcea827000 	C:\Windows\system32\USER32.dll
0x00007ffce9de0000 - 0x00007ffce9f74000 	C:\Windows\system32\ole32.dll
0x00007ffce86a0000 - 0x00007ffce9bc8000 	C:\Windows\system32\SHELL32.dll
0x00007ffce6ef0000 - 0x00007ffce6f11000 	C:\Windows\SYSTEM32\USERENV.dll
0x00007ffcea3f0000 - 0x00007ffcea49a000 	C:\Windows\system32\ADVAPI32.dll
0x00007ffcdaa40000 - 0x00007ffcdaa5e000 	C:\Windows\SYSTEM32\MPR.dll
0x00007ffcea4b0000 - 0x00007ffcea5f0000 	C:\Windows\system32\RPCRT4.dll
0x00007ffce8160000 - 0x00007ffce81b9000 	C:\Windows\SYSTEM32\sechost.dll
0x00007ffce8480000 - 0x00007ffce8691000 	C:\Windows\SYSTEM32\combase.dll
0x00007ffce9f80000 - 0x00007ffcea0cf000 	C:\Windows\system32\GDI32.dll
0x00007ffce7950000 - 0x00007ffce7965000 	C:\Windows\SYSTEM32\profapi.dll
0x00007ffce5d10000 - 0x00007ffce5dc2000 	C:\Windows\SYSTEM32\SHCORE.dll
0x00007ffce8380000 - 0x00007ffce83b6000 	C:\Windows\system32\IMM32.DLL
0x00007ffce8220000 - 0x00007ffce8372000 	C:\Windows\system32\MSCTF.dll
0x00007ffce54d0000 - 0x00007ffce574b000 	C:\Windows\WinSxS\amd64_microsoft.windows.common-controls_6595b64144ccf1df_6.0.9600.18006_none_623f33d3ecbe86e8\COMCTL32.dll
0x00000000696b0000 - 0x0000000069782000 	C:\jdk\jdk1.8\jdk1.8.0_31\jre\bin\msvcr100.dll
0x00000000698d0000 - 0x000000006a12a000 	C:\jdk\jdk1.8\jdk1.8.0_31\jre\bin\server\jvm.dll
0x00007ffcdbc90000 - 0x00007ffcdbc99000 	C:\Windows\SYSTEM32\WSOCK32.dll
0x00007ffcdf500000 - 0x00007ffcdf522000 	C:\Windows\SYSTEM32\WINMM.dll
0x00007ffcea190000 - 0x00007ffcea197000 	C:\Windows\system32\PSAPI.DLL
0x00007ffcea1d0000 - 0x00007ffcea22a000 	C:\Windows\system32\WS2_32.dll
0x00007ffcdf450000 - 0x00007ffcdf47a000 	C:\Windows\SYSTEM32\WINMMBASE.dll
0x00007ffcea1c0000 - 0x00007ffcea1c9000 	C:\Windows\system32\NSI.dll
0x00007ffce7e60000 - 0x00007ffce7eaf000 	C:\Windows\SYSTEM32\cfgmgr32.dll
0x00007ffce6760000 - 0x00007ffce6788000 	C:\Windows\SYSTEM32\DEVOBJ.dll
0x00000000698c0000 - 0x00000000698cf000 	C:\jdk\jdk1.8\jdk1.8.0_31\jre\bin\verify.dll
0x0000000069890000 - 0x00000000698b8000 	C:\jdk\jdk1.8\jdk1.8.0_31\jre\bin\java.dll
0x0000000069870000 - 0x0000000069886000 	C:\jdk\jdk1.8\jdk1.8.0_31\jre\bin\zip.dll
0x00000000697f0000 - 0x00000000697fd000 	C:\jdk\jdk1.8\jdk1.8.0_31\jre\bin\management.dll
0x0000000069850000 - 0x000000006986a000 	C:\jdk\jdk1.8\jdk1.8.0_31\jre\bin\net.dll
0x00007ffce7160000 - 0x00007ffce71b9000 	C:\Windows\system32\mswsock.dll
0x0000000069830000 - 0x0000000069841000 	C:\jdk\jdk1.8\jdk1.8.0_31\jre\bin\nio.dll
0x00007ffcdc300000 - 0x00007ffcdc315000 	C:\Windows\system32\napinsp.dll
0x00007ffcdc320000 - 0x00007ffcdc33a000 	C:\Windows\system32\pnrpnsp.dll
0x00007ffce5780000 - 0x00007ffce579b000 	C:\Windows\system32\NLAapi.dll
0x00007ffce6f60000 - 0x00007ffce7004000 	C:\Windows\SYSTEM32\DNSAPI.dll
0x00007ffcdc380000 - 0x00007ffcdc38d000 	C:\Windows\System32\winrnr.dll
0x00007ffcdc340000 - 0x00007ffcdc354000 	C:\Windows\system32\wshbth.dll
0x00007ffcde690000 - 0x00007ffcde69a000 	C:\Windows\System32\rasadhlp.dll
0x00007ffce3ea0000 - 0x00007ffce3eca000 	C:\Windows\SYSTEM32\IPHLPAPI.DLL
0x00007ffce3ce0000 - 0x00007ffce3cea000 	C:\Windows\SYSTEM32\WINNSI.DLL
0x00007ffce38d0000 - 0x00007ffce393b000 	C:\Windows\System32\fwpuclnt.dll
0x00007ffce71c0000 - 0x00007ffce71e0000 	C:\Windows\SYSTEM32\CRYPTSP.dll
0x00007ffce6de0000 - 0x00007ffce6e16000 	C:\Windows\system32\rsaenh.dll
0x00007ffce7410000 - 0x00007ffce7436000 	C:\Windows\SYSTEM32\bcrypt.dll
0x00007ffce7750000 - 0x00007ffce77b3000 	C:\Windows\system32\bcryptprimitives.dll
0x00007ffce77c0000 - 0x00007ffce77cb000 	C:\Windows\SYSTEM32\CRYPTBASE.dll
0x00007ffce35a0000 - 0x00007ffce35b6000 	C:\Windows\SYSTEM32\dhcpcsvc6.DLL
0x00007ffce38b0000 - 0x00007ffce38ca000 	C:\Windows\SYSTEM32\dhcpcsvc.DLL
0x0000000069800000 - 0x0000000069824000 	C:\jdk\jdk1.8\jdk1.8.0_31\jre\bin\sunec.dll
0x00007ffccb4d0000 - 0x00007ffccb659000 	C:\Windows\SYSTEM32\dbghelp.dll

VM Arguments:
jvm_args: -Dcom.sun.management.jmxremote -Dcom.sun.management.jmxremote.port=56133 -Dcom.sun.management.jmxremote.authenticate=false -Dcom.sun.management.jmxremote.ssl=false -Djava.rmi.server.hostname=localhost -Dspring.liveBeansView.mbeanDomain -Dspring.application.admin.enabled=true -Xverify:none -XX:TieredStopAtLevel=1 -Dfile.encoding=UTF-8 
java_command: com.winhands.OauthApplication --spring.output.ansi.enabled=always
java_class_path (initial): D:\winhands\market\target\classes;C:\maven\repository\junit\junit\4.12\junit-4.12.jar;C:\maven\repository\org\hamcrest\hamcrest-core\1.3\hamcrest-core-1.3.jar;C:\maven\repository\org\springframework\spring-core\4.3.9.RELEASE\spring-core-4.3.9.RELEASE.jar;C:\maven\repository\org\springframework\boot\spring-boot-starter-web\1.5.4.RELEASE\spring-boot-starter-web-1.5.4.RELEASE.jar;C:\maven\repository\org\springframework\boot\spring-boot-starter-tomcat\1.5.4.RELEASE\spring-boot-starter-tomcat-1.5.4.RELEASE.jar;C:\maven\repository\org\apache\tomcat\embed\tomcat-embed-websocket\8.5.15\tomcat-embed-websocket-8.5.15.jar;C:\maven\repository\org\hibernate\hibernate-validator\5.3.5.Final\hibernate-validator-5.3.5.Final.jar;C:\maven\repository\javax\validation\validation-api\1.1.0.Final\validation-api-1.1.0.Final.jar;C:\maven\repository\org\jboss\logging\jboss-logging\3.3.1.Final\jboss-logging-3.3.1.Final.jar;C:\maven\repository\com\fasterxml\classmate\1.3.3\classmate-1.3.3.jar;C:\maven\repository\com\fasterxml\jackson\core\jackson-databind\2.8.8\jackson-databind-2.8.8.jar;C:\maven\repository\com\fasterxml\jackson\core\jackson-annotations\2.8.0\jackson-annotations-2.8.0.jar;C:\maven\repository\com\fasterxml\jackson\core\jackson-core\2.8.8\jackson-core-2.8.8.jar;C:\maven\repository\org\springframework\spring-web\4.3.9.RELEASE\spring-web-4.3.9.RELEASE.jar;C:\maven\repository\org\springframework\spring-webmvc\4.3.9.RELEASE\spring-webmvc-4.3.9.RELEASE.jar;C:\maven\repository\org\springframework\spring-expression\4.3.9.RELEASE\spring-expression-4.3.9.RELEASE.jar;C:\maven\repository\org\springframework\boot\spring-boot-starter-aop\1.5.4.RELEASE\spring-boot-starter-aop-1.5.4.RELEASE.jar;C:\maven\repository\org\springframework\spring-aop\4.3.9.RELEASE\spring-aop-4.3.9.RELEASE.jar;C:\maven\repository\org\aspectj\aspectjweaver\1.8.10\aspectjweaver-1.8.10.jar;C:\maven\repository\org\springframework\spring-context-support\4.3.9.RELEASE\spring-context-support-4.3
Launcher Type: SUN_STANDARD

Environment Variables:
JAVA_HOME=C:\Program Files\Java\jdk1.7.0_80
CLASSPATH=.
PATH=C:/jdk/jdk1.8/jdk1.8.0_31/bin/../jre/bin/server;C:/jdk/jdk1.8/jdk1.8.0_31/bin/../jre/bin;C:/jdk/jdk1.8/jdk1.8.0_31/bin/../jre/lib/amd64;C:\jdk\jdk1.8\jdk1.8.0_31\bin;C:\Program Files (x86)\Java\jdk1.7.0_79\bin;C:\Program Files\Java\jdk1.7.0_80\bin;C:\Program Files (x86)\Common Files\Intel\Shared Files\cpp\bin\Intel64;C:\Program Files (x86)\Intel\iCLS Client\;C:\Program Files\Intel\iCLS Client\;C:\Windows\system32;C:\Windows;C:\Windows\System32\Wbem;C:\Windows\System32\WindowsPowerShell\v1.0\;C:\Program Files\Intel\Intel(R) Management Engine Components\DAL;C:\Program Files (x86)\Intel\Intel(R) Management Engine Components\DAL;C:\Program Files\Intel\Intel(R) Management Engine Components\IPT;C:\Program Files (x86)\Intel\Intel(R) Management Engine Components\IPT;c:\Program Files (x86)\ATI Technologies\ATI.ACE\Core-Static;C:\Program Files\Intel\WiFi\bin\;C:\Program Files\Common Files\Intel\WirelessCommon\;C:\Program Files\Common Files\Autodesk Shared\;C:\Program Files\TortoiseSVN\bin;C:\maven\apache-maven-3.5.0\bin;D:\VisualSVN Serve\bin;C:\Users\jh\AppData\Roaming\À—∫¸”∞“Ù\5.2.3.7;C:\spring\sts-bundle\sts-3.9.0.RELEASE;
USERNAME=jh
OS=Windows_NT
PROCESSOR_IDENTIFIER=Intel64 Family 6 Model 61 Stepping 4, GenuineIntel



---------------  S Y S T E M  ---------------

OS: Windows 8.1 , 64 bit Build 9600 

CPU:total 4 (2 cores per cpu, 2 threads per core) family 6 model 61 stepping 4, cmov, cx8, fxsr, mmx, sse, sse2, sse3, ssse3, sse4.1, sse4.2, popcnt, avx, avx2, aes, clmul, erms, lzcnt, ht, tsc, tscinvbit, bmi1, bmi2

Memory: 4k page, physical 6201024k(2223292k free), swap 7380672k(3163316k free)

vm_info: Java HotSpot(TM) 64-Bit Server VM (25.31-b07) for windows-amd64 JRE (1.8.0_31-b13), built on Dec 17 2014 21:00:28 by "java_re" with MS VC++ 10.0 (VS2010)

time: Wed Jan 31 10:17:54 2018
elapsed time: 382 seconds (0d 0h 6m 22s)

